{"/home/luciano/code/master-ia/Ai4devs-ticket-LTI-2026-03-senior/backend/src/application/services/CandidateService.ts": {"path":"/home/luciano/code/master-ia/Ai4devs-ticket-LTI-2026-03-senior/backend/src/application/services/CandidateService.ts","statementMap":{"0":{"start":{"line":2,"column":0},"end":{"line":2,"column":58}},"1":{"start":{"line":3,"column":0},"end":{"line":3,"column":58}},"2":{"start":{"line":4,"column":0},"end":{"line":4,"column":68}},"3":{"start":{"line":5,"column":0},"end":{"line":5,"column":56}},"4":{"start":{"line":6,"column":0},"end":{"line":6,"column":70}},"5":{"start":{"line":9,"column":0},"end":{"line":9,"column":13}},"6":{"start":{"line":14,"column":4},"end":{"line":14,"column":33}},"7":{"start":{"line":15,"column":4},"end":{"line":15,"column":59}},"8":{"start":{"line":18,"column":8},"end":{"line":50,"column":null}},"9":{"start":{"line":19,"column":10},"end":{"line":19,"column":48}},"10":{"start":{"line":20,"column":4},"end":{"line":25,"column":null}},"11":{"start":{"line":21,"column":12},"end":{"line":21,"column":56}},"12":{"start":{"line":22,"column":6},"end":{"line":22,"column":35}},"13":{"start":{"line":23,"column":6},"end":{"line":23,"column":27}},"14":{"start":{"line":24,"column":6},"end":{"line":24,"column":16}},"15":{"start":{"line":27,"column":10},"end":{"line":36,"column":7}},"16":{"start":{"line":33,"column":43},"end":{"line":33,"column":60}},"17":{"start":{"line":34,"column":53},"end":{"line":34,"column":75}},"18":{"start":{"line":35,"column":41},"end":{"line":35,"column":57}},"19":{"start":{"line":39,"column":22},"end":{"line":39,"column":null}},"20":{"start":{"line":39,"column":12},"end":{"line":39,"column":null}},"21":{"start":{"line":40,"column":6},"end":{"line":40,"column":41}},"22":{"start":{"line":43,"column":6},"end":{"line":47,"column":null}},"23":{"start":{"line":44,"column":14},"end":{"line":44,"column":83}},"24":{"start":{"line":45,"column":8},"end":{"line":45,"column":35}},"25":{"start":{"line":46,"column":8},"end":{"line":46,"column":18}},"26":{"start":{"line":48,"column":6},"end":{"line":48,"column":18}},"27":{"start":{"line":52,"column":10},"end":{"line":87,"column":null}},"28":{"start":{"line":53,"column":4},"end":{"line":86,"column":6}},"29":{"start":{"line":62,"column":48},"end":{"line":69,"column":9}},"30":{"start":{"line":70,"column":58},"end":{"line":77,"column":9}},"31":{"start":{"line":78,"column":46},"end":{"line":85,"column":9}},"32":{"start":{"line":88,"column":0},"end":{"line":88,"column":null}},"33":{"start":{"line":9,"column":13},"end":{"line":9,"column":29}}},"fnMap":{"0":{"name":"(anonymous_13)","decl":{"start":{"line":9,"column":0},"end":{"line":9,"column":13}},"loc":{"start":{"line":9,"column":0},"end":{"line":88,"column":null}}},"1":{"name":"CandidateService","decl":{"start":{"line":13,"column":2},"end":{"line":13,"column":14}},"loc":{"start":{"line":13,"column":78},"end":{"line":16,"column":3}}},"2":{"name":"(anonymous_15)","decl":{"start":{"line":18,"column":2},"end":{"line":18,"column":8}},"loc":{"start":{"line":18,"column":47},"end":{"line":50,"column":null}}},"3":{"name":"(anonymous_18)","decl":{"start":{"line":33,"column":38},"end":{"line":33,"column":39}},"loc":{"start":{"line":33,"column":39},"end":{"line":33,"column":47}}},"4":{"name":"(anonymous_19)","decl":{"start":{"line":34,"column":48},"end":{"line":34,"column":49}},"loc":{"start":{"line":34,"column":49},"end":{"line":34,"column":57}}},"5":{"name":"(anonymous_20)","decl":{"start":{"line":35,"column":36},"end":{"line":35,"column":37}},"loc":{"start":{"line":35,"column":37},"end":{"line":35,"column":45}}},"6":{"name":"(anonymous_21)","decl":{"start":{"line":52,"column":2},"end":{"line":52,"column":10}},"loc":{"start":{"line":52,"column":44},"end":{"line":87,"column":3}}},"7":{"name":"(anonymous_22)","decl":{"start":{"line":62,"column":43},"end":{"line":62,"column":44}},"loc":{"start":{"line":62,"column":44},"end":{"line":69,"column":9}}},"8":{"name":"(anonymous_23)","decl":{"start":{"line":70,"column":53},"end":{"line":70,"column":54}},"loc":{"start":{"line":70,"column":54},"end":{"line":77,"column":9}}},"9":{"name":"(anonymous_24)","decl":{"start":{"line":78,"column":41},"end":{"line":78,"column":42}},"loc":{"start":{"line":78,"column":42},"end":{"line":78,"column":47}}}},"branchMap":{"0":{"loc":{"start":{"line":15,"column":21},"end":{"line":15,"column":58}},"type":"cond-expr","locations":[{"start":{"line":15,"column":21},"end":{"line":15,"column":30}},{"start":{"line":15,"column":34},"end":{"line":15,"column":58}}]},"1":{"loc":{"start":{"line":15,"column":21},"end":{"line":15,"column":34}},"type":"binary-expr","locations":[{"start":{"line":15,"column":21},"end":{"line":15,"column":34}},{"start":{"line":15,"column":21},"end":{"line":15,"column":34}}]},"2":{"loc":{"start":{"line":20,"column":4},"end":{"line":25,"column":null}},"type":"if","locations":[{"start":{"line":20,"column":4},"end":{"line":25,"column":null}}]},"3":{"loc":{"start":{"line":31,"column":13},"end":{"line":31,"column":30}},"type":"cond-expr","locations":[{"start":{"line":31,"column":22},"end":{"line":31,"column":26}},{"start":{"line":31,"column":26},"end":{"line":31,"column":30}}]},"4":{"loc":{"start":{"line":31,"column":13},"end":{"line":31,"column":26}},"type":"binary-expr","locations":[{"start":{"line":31,"column":13},"end":{"line":31,"column":26}},{"start":{"line":31,"column":22},"end":{"line":31,"column":26}}]},"5":{"loc":{"start":{"line":32,"column":15},"end":{"line":32,"column":34}},"type":"cond-expr","locations":[{"start":{"line":32,"column":26},"end":{"line":32,"column":30}},{"start":{"line":32,"column":30},"end":{"line":32,"column":34}}]},"6":{"loc":{"start":{"line":32,"column":15},"end":{"line":32,"column":30}},"type":"binary-expr","locations":[{"start":{"line":32,"column":15},"end":{"line":32,"column":30}},{"start":{"line":32,"column":26},"end":{"line":32,"column":30}}]},"7":{"loc":{"start":{"line":33,"column":18},"end":{"line":33,"column":66}},"type":"cond-expr","locations":[{"start":{"line":33,"column":60},"end":{"line":33,"column":64}},{"start":{"line":33,"column":64},"end":{"line":33,"column":66}}]},"8":{"loc":{"start":{"line":33,"column":18},"end":{"line":33,"column":64}},"type":"binary-expr","locations":[{"start":{"line":33,"column":18},"end":{"line":33,"column":64}},{"start":{"line":33,"column":60},"end":{"line":33,"column":64}}]},"9":{"loc":{"start":{"line":33,"column":18},"end":{"line":33,"column":60}},"type":"cond-expr","locations":[{"start":{"line":33,"column":32},"end":{"line":33,"column":34}},{"start":{"line":33,"column":32},"end":{"line":33,"column":60}}]},"10":{"loc":{"start":{"line":33,"column":18},"end":{"line":33,"column":34}},"type":"binary-expr","locations":[{"start":{"line":33,"column":18},"end":{"line":33,"column":34}},{"start":{"line":33,"column":32},"end":{"line":33,"column":34}}]},"11":{"loc":{"start":{"line":34,"column":23},"end":{"line":34,"column":81}},"type":"cond-expr","locations":[{"start":{"line":34,"column":75},"end":{"line":34,"column":79}},{"start":{"line":34,"column":79},"end":{"line":34,"column":81}}]},"12":{"loc":{"start":{"line":34,"column":23},"end":{"line":34,"column":79}},"type":"binary-expr","locations":[{"start":{"line":34,"column":23},"end":{"line":34,"column":79}},{"start":{"line":34,"column":75},"end":{"line":34,"column":79}}]},"13":{"loc":{"start":{"line":34,"column":23},"end":{"line":34,"column":75}},"type":"cond-expr","locations":[{"start":{"line":34,"column":42},"end":{"line":34,"column":44}},{"start":{"line":34,"column":42},"end":{"line":34,"column":75}}]},"14":{"loc":{"start":{"line":34,"column":23},"end":{"line":34,"column":44}},"type":"binary-expr","locations":[{"start":{"line":34,"column":23},"end":{"line":34,"column":44}},{"start":{"line":34,"column":42},"end":{"line":34,"column":44}}]},"15":{"loc":{"start":{"line":35,"column":17},"end":{"line":35,"column":63}},"type":"cond-expr","locations":[{"start":{"line":35,"column":57},"end":{"line":35,"column":61}},{"start":{"line":35,"column":61},"end":{"line":35,"column":63}}]},"16":{"loc":{"start":{"line":35,"column":17},"end":{"line":35,"column":61}},"type":"binary-expr","locations":[{"start":{"line":35,"column":17},"end":{"line":35,"column":61}},{"start":{"line":35,"column":57},"end":{"line":35,"column":61}}]},"17":{"loc":{"start":{"line":35,"column":17},"end":{"line":35,"column":57}},"type":"cond-expr","locations":[{"start":{"line":35,"column":30},"end":{"line":35,"column":32}},{"start":{"line":35,"column":30},"end":{"line":35,"column":57}}]},"18":{"loc":{"start":{"line":35,"column":17},"end":{"line":35,"column":32}},"type":"binary-expr","locations":[{"start":{"line":35,"column":17},"end":{"line":35,"column":32}},{"start":{"line":35,"column":30},"end":{"line":35,"column":32}}]},"19":{"loc":{"start":{"line":43,"column":6},"end":{"line":47,"column":null}},"type":"if","locations":[{"start":{"line":43,"column":6},"end":{"line":47,"column":null}}]},"20":{"loc":{"start":{"line":43,"column":10},"end":{"line":43,"column":75}},"type":"binary-expr","locations":[{"start":{"line":43,"column":10},"end":{"line":43,"column":32}},{"start":{"line":43,"column":36},"end":{"line":43,"column":73}}]},"21":{"loc":{"start":{"line":43,"column":36},"end":{"line":43,"column":73}},"type":"cond-expr","locations":[{"start":{"line":43,"column":54},"end":{"line":43,"column":56}},{"start":{"line":43,"column":54},"end":{"line":43,"column":73}}]},"22":{"loc":{"start":{"line":43,"column":36},"end":{"line":43,"column":56}},"type":"binary-expr","locations":[{"start":{"line":43,"column":36},"end":{"line":43,"column":56}},{"start":{"line":43,"column":54},"end":{"line":43,"column":56}}]},"23":{"loc":{"start":{"line":43,"column":36},"end":{"line":43,"column":54}},"type":"cond-expr","locations":[{"start":{"line":43,"column":46},"end":{"line":43,"column":48}},{"start":{"line":43,"column":46},"end":{"line":43,"column":54}}]},"24":{"loc":{"start":{"line":43,"column":36},"end":{"line":43,"column":48}},"type":"binary-expr","locations":[{"start":{"line":43,"column":36},"end":{"line":43,"column":48}},{"start":{"line":43,"column":46},"end":{"line":43,"column":48}}]},"25":{"loc":{"start":{"line":58,"column":13},"end":{"line":58,"column":36}},"type":"cond-expr","locations":[{"start":{"line":58,"column":28},"end":{"line":58,"column":32}},{"start":{"line":58,"column":32},"end":{"line":58,"column":36}}]},"26":{"loc":{"start":{"line":58,"column":13},"end":{"line":58,"column":32}},"type":"binary-expr","locations":[{"start":{"line":58,"column":13},"end":{"line":58,"column":32}},{"start":{"line":58,"column":28},"end":{"line":58,"column":32}}]},"27":{"loc":{"start":{"line":59,"column":15},"end":{"line":59,"column":40}},"type":"cond-expr","locations":[{"start":{"line":59,"column":32},"end":{"line":59,"column":36}},{"start":{"line":59,"column":36},"end":{"line":59,"column":40}}]},"28":{"loc":{"start":{"line":59,"column":15},"end":{"line":59,"column":36}},"type":"binary-expr","locations":[{"start":{"line":59,"column":15},"end":{"line":59,"column":36}},{"start":{"line":59,"column":32},"end":{"line":59,"column":36}}]},"29":{"loc":{"start":{"line":66,"column":22},"end":{"line":66,"column":44}},"type":"cond-expr","locations":[{"start":{"line":66,"column":36},"end":{"line":66,"column":40}},{"start":{"line":66,"column":40},"end":{"line":66,"column":44}}]},"30":{"loc":{"start":{"line":66,"column":22},"end":{"line":66,"column":40}},"type":"binary-expr","locations":[{"start":{"line":66,"column":22},"end":{"line":66,"column":40}},{"start":{"line":66,"column":36},"end":{"line":66,"column":40}}]},"31":{"loc":{"start":{"line":68,"column":17},"end":{"line":68,"column":34}},"type":"cond-expr","locations":[{"start":{"line":68,"column":26},"end":{"line":68,"column":30}},{"start":{"line":68,"column":30},"end":{"line":68,"column":34}}]},"32":{"loc":{"start":{"line":68,"column":17},"end":{"line":68,"column":30}},"type":"binary-expr","locations":[{"start":{"line":68,"column":17},"end":{"line":68,"column":30}},{"start":{"line":68,"column":26},"end":{"line":68,"column":30}}]},"33":{"loc":{"start":{"line":74,"column":21},"end":{"line":74,"column":42}},"type":"cond-expr","locations":[{"start":{"line":74,"column":34},"end":{"line":74,"column":38}},{"start":{"line":74,"column":38},"end":{"line":74,"column":42}}]},"34":{"loc":{"start":{"line":74,"column":21},"end":{"line":74,"column":38}},"type":"binary-expr","locations":[{"start":{"line":74,"column":21},"end":{"line":74,"column":38}},{"start":{"line":74,"column":34},"end":{"line":74,"column":38}}]},"35":{"loc":{"start":{"line":76,"column":17},"end":{"line":76,"column":34}},"type":"cond-expr","locations":[{"start":{"line":76,"column":26},"end":{"line":76,"column":30}},{"start":{"line":76,"column":30},"end":{"line":76,"column":34}}]},"36":{"loc":{"start":{"line":76,"column":17},"end":{"line":76,"column":30}},"type":"binary-expr","locations":[{"start":{"line":76,"column":17},"end":{"line":76,"column":30}},{"start":{"line":76,"column":26},"end":{"line":76,"column":30}}]}},"s":{"0":1,"1":1,"2":1,"3":1,"4":1,"5":1,"6":5,"7":5,"8":1,"9":5,"10":5,"11":1,"12":1,"13":1,"14":1,"15":4,"16":1,"17":1,"18":1,"19":4,"20":4,"21":2,"22":2,"23":1,"24":1,"25":1,"26":1,"27":1,"28":2,"29":1,"30":1,"31":1,"32":1,"33":1},"f":{"0":1,"1":5,"2":5,"3":1,"4":1,"5":1,"6":2,"7":1,"8":1,"9":1},"b":{"0":[0,5],"1":[5,5],"2":[1],"3":[0,4],"4":[4,4],"5":[0,4],"6":[4,4],"7":[1,3],"8":[4,4],"9":[3,1],"10":[4,4],"11":[1,3],"12":[4,4],"13":[3,1],"14":[4,4],"15":[1,3],"16":[4,4],"17":[3,1],"18":[4,4],"19":[1],"20":[2,1],"21":[0,1],"22":[1,1],"23":[0,1],"24":[1,1],"25":[0,2],"26":[2,0],"27":[0,2],"28":[2,0],"29":[0,1],"30":[1,0],"31":[0,1],"32":[1,0],"33":[0,1],"34":[1,0],"35":[0,1],"36":[1,0]}}
,"/home/luciano/code/master-ia/Ai4devs-ticket-LTI-2026-03-senior/backend/src/application/validators/CandidateValidator.ts": {"path":"/home/luciano/code/master-ia/Ai4devs-ticket-LTI-2026-03-senior/backend/src/application/validators/CandidateValidator.ts","statementMap":{"0":{"start":{"line":8,"column":29},"end":{"line":8,"column":50}},"1":{"start":{"line":10,"column":0},"end":{"line":10,"column":13}},"2":{"start":{"line":11,"column":2},"end":{"line":66,"column":null}},"3":{"start":{"line":11,"column":2},"end":{"line":11,"column":10}},"4":{"start":{"line":12,"column":38},"end":{"line":12,"column":40}},"5":{"start":{"line":15,"column":4},"end":{"line":19,"column":null}},"6":{"start":{"line":16,"column":6},"end":{"line":16,"column":77}},"7":{"start":{"line":17,"column":11},"end":{"line":19,"column":null}},"8":{"start":{"line":18,"column":6},"end":{"line":18,"column":96}},"9":{"start":{"line":21,"column":4},"end":{"line":25,"column":null}},"10":{"start":{"line":22,"column":6},"end":{"line":22,"column":75}},"11":{"start":{"line":23,"column":11},"end":{"line":25,"column":null}},"12":{"start":{"line":24,"column":6},"end":{"line":24,"column":94}},"13":{"start":{"line":27,"column":4},"end":{"line":33,"column":null}},"14":{"start":{"line":28,"column":6},"end":{"line":28,"column":68}},"15":{"start":{"line":29,"column":11},"end":{"line":33,"column":null}},"16":{"start":{"line":30,"column":6},"end":{"line":30,"column":71}},"17":{"start":{"line":31,"column":11},"end":{"line":33,"column":null}},"18":{"start":{"line":32,"column":6},"end":{"line":32,"column":87}},"19":{"start":{"line":36,"column":4},"end":{"line":38,"column":null}},"20":{"start":{"line":37,"column":6},"end":{"line":37,"column":86}},"21":{"start":{"line":40,"column":4},"end":{"line":42,"column":null}},"22":{"start":{"line":41,"column":6},"end":{"line":41,"column":91}},"23":{"start":{"line":45,"column":4},"end":{"line":49,"column":null}},"24":{"start":{"line":46,"column":6},"end":{"line":48,"column":9}},"25":{"start":{"line":47,"column":8},"end":{"line":47,"column":59}},"26":{"start":{"line":52,"column":4},"end":{"line":56,"column":null}},"27":{"start":{"line":53,"column":6},"end":{"line":55,"column":9}},"28":{"start":{"line":54,"column":8},"end":{"line":54,"column":64}},"29":{"start":{"line":59,"column":4},"end":{"line":63,"column":null}},"30":{"start":{"line":60,"column":6},"end":{"line":62,"column":9}},"31":{"start":{"line":61,"column":8},"end":{"line":61,"column":58}},"32":{"start":{"line":65,"column":4},"end":{"line":65,"column":18}},"33":{"start":{"line":68,"column":10},"end":{"line":103,"column":null}},"34":{"start":{"line":69,"column":38},"end":{"line":69,"column":40}},"35":{"start":{"line":70,"column":19},"end":{"line":70,"column":41}},"36":{"start":{"line":72,"column":4},"end":{"line":76,"column":null}},"37":{"start":{"line":73,"column":6},"end":{"line":73,"column":90}},"38":{"start":{"line":74,"column":11},"end":{"line":76,"column":null}},"39":{"start":{"line":75,"column":6},"end":{"line":75,"column":109}},"40":{"start":{"line":78,"column":4},"end":{"line":82,"column":null}},"41":{"start":{"line":79,"column":6},"end":{"line":79,"column":80}},"42":{"start":{"line":80,"column":11},"end":{"line":82,"column":null}},"43":{"start":{"line":81,"column":6},"end":{"line":81,"column":99}},"44":{"start":{"line":84,"column":4},"end":{"line":86,"column":null}},"45":{"start":{"line":85,"column":6},"end":{"line":85,"column":113}},"46":{"start":{"line":88,"column":4},"end":{"line":92,"column":null}},"47":{"start":{"line":89,"column":6},"end":{"line":89,"column":87}},"48":{"start":{"line":90,"column":11},"end":{"line":92,"column":null}},"49":{"start":{"line":91,"column":6},"end":{"line":91,"column":105}},"50":{"start":{"line":94,"column":4},"end":{"line":100,"column":null}},"51":{"start":{"line":95,"column":6},"end":{"line":99,"column":null}},"52":{"start":{"line":96,"column":8},"end":{"line":96,"column":103}},"53":{"start":{"line":97,"column":13},"end":{"line":99,"column":null}},"54":{"start":{"line":98,"column":8},"end":{"line":98,"column":98}},"55":{"start":{"line":102,"column":4},"end":{"line":102,"column":18}},"56":{"start":{"line":105,"column":10},"end":{"line":136,"column":null}},"57":{"start":{"line":106,"column":38},"end":{"line":106,"column":40}},"58":{"start":{"line":107,"column":19},"end":{"line":107,"column":46}},"59":{"start":{"line":109,"column":4},"end":{"line":113,"column":null}},"60":{"start":{"line":110,"column":6},"end":{"line":110,"column":82}},"61":{"start":{"line":111,"column":11},"end":{"line":113,"column":null}},"62":{"start":{"line":112,"column":6},"end":{"line":112,"column":101}},"63":{"start":{"line":115,"column":4},"end":{"line":119,"column":null}},"64":{"start":{"line":116,"column":6},"end":{"line":116,"column":84}},"65":{"start":{"line":117,"column":11},"end":{"line":119,"column":null}},"66":{"start":{"line":118,"column":6},"end":{"line":118,"column":103}},"67":{"start":{"line":121,"column":4},"end":{"line":125,"column":null}},"68":{"start":{"line":122,"column":6},"end":{"line":122,"column":87}},"69":{"start":{"line":123,"column":11},"end":{"line":125,"column":null}},"70":{"start":{"line":124,"column":6},"end":{"line":124,"column":105}},"71":{"start":{"line":127,"column":4},"end":{"line":133,"column":null}},"72":{"start":{"line":128,"column":6},"end":{"line":132,"column":null}},"73":{"start":{"line":129,"column":8},"end":{"line":129,"column":103}},"74":{"start":{"line":130,"column":13},"end":{"line":132,"column":null}},"75":{"start":{"line":131,"column":8},"end":{"line":131,"column":98}},"76":{"start":{"line":135,"column":4},"end":{"line":135,"column":18}},"77":{"start":{"line":138,"column":10},"end":{"line":167,"column":null}},"78":{"start":{"line":139,"column":38},"end":{"line":139,"column":40}},"79":{"start":{"line":140,"column":19},"end":{"line":140,"column":40}},"80":{"start":{"line":142,"column":4},"end":{"line":146,"column":null}},"81":{"start":{"line":143,"column":6},"end":{"line":143,"column":85}},"82":{"start":{"line":144,"column":11},"end":{"line":146,"column":null}},"83":{"start":{"line":145,"column":6},"end":{"line":145,"column":104}},"84":{"start":{"line":148,"column":4},"end":{"line":152,"column":null}},"85":{"start":{"line":149,"column":6},"end":{"line":149,"column":85}},"86":{"start":{"line":150,"column":11},"end":{"line":152,"column":null}},"87":{"start":{"line":151,"column":6},"end":{"line":151,"column":99}},"88":{"start":{"line":154,"column":4},"end":{"line":158,"column":null}},"89":{"start":{"line":155,"column":6},"end":{"line":155,"column":85}},"90":{"start":{"line":156,"column":11},"end":{"line":158,"column":null}},"91":{"start":{"line":157,"column":6},"end":{"line":157,"column":104}},"92":{"start":{"line":160,"column":4},"end":{"line":164,"column":null}},"93":{"start":{"line":161,"column":6},"end":{"line":161,"column":85}},"94":{"start":{"line":162,"column":11},"end":{"line":164,"column":null}},"95":{"start":{"line":163,"column":6},"end":{"line":163,"column":100}},"96":{"start":{"line":166,"column":4},"end":{"line":166,"column":18}},"97":{"start":{"line":169,"column":10},"end":{"line":172,"column":null}},"98":{"start":{"line":170,"column":23},"end":{"line":170,"column":51}},"99":{"start":{"line":171,"column":4},"end":{"line":171,"column":34}},"100":{"start":{"line":174,"column":10},"end":{"line":177,"column":null}},"101":{"start":{"line":175,"column":17},"end":{"line":175,"column":34}},"102":{"start":{"line":176,"column":4},"end":{"line":176,"column":34}},"103":{"start":{"line":178,"column":0},"end":{"line":178,"column":null}},"104":{"start":{"line":10,"column":13},"end":{"line":10,"column":31}}},"fnMap":{"0":{"name":"(anonymous_0)","decl":{"start":{"line":10,"column":0},"end":{"line":10,"column":13}},"loc":{"start":{"line":10,"column":0},"end":{"line":178,"column":null}}},"1":{"name":"(anonymous_2)","decl":{"start":{"line":11,"column":2},"end":{"line":11,"column":10}},"loc":{"start":{"line":11,"column":35},"end":{"line":66,"column":3}}},"2":{"name":"(anonymous_3)","decl":{"start":{"line":46,"column":30},"end":{"line":46,"column":31}},"loc":{"start":{"line":46,"column":41},"end":{"line":48,"column":7}}},"3":{"name":"(anonymous_4)","decl":{"start":{"line":53,"column":35},"end":{"line":53,"column":36}},"loc":{"start":{"line":53,"column":46},"end":{"line":55,"column":7}}},"4":{"name":"(anonymous_5)","decl":{"start":{"line":60,"column":29},"end":{"line":60,"column":30}},"loc":{"start":{"line":60,"column":40},"end":{"line":62,"column":7}}},"5":{"name":"(anonymous_6)","decl":{"start":{"line":68,"column":2},"end":{"line":68,"column":10}},"loc":{"start":{"line":68,"column":60},"end":{"line":103,"column":3}}},"6":{"name":"(anonymous_7)","decl":{"start":{"line":105,"column":2},"end":{"line":105,"column":10}},"loc":{"start":{"line":105,"column":70},"end":{"line":136,"column":3}}},"7":{"name":"(anonymous_8)","decl":{"start":{"line":138,"column":2},"end":{"line":138,"column":10}},"loc":{"start":{"line":138,"column":58},"end":{"line":167,"column":3}}},"8":{"name":"(anonymous_9)","decl":{"start":{"line":169,"column":2},"end":{"line":169,"column":10}},"loc":{"start":{"line":169,"column":36},"end":{"line":172,"column":3}}},"9":{"name":"(anonymous_10)","decl":{"start":{"line":174,"column":2},"end":{"line":174,"column":10}},"loc":{"start":{"line":174,"column":37},"end":{"line":177,"column":3}}}},"branchMap":{"0":{"loc":{"start":{"line":15,"column":4},"end":{"line":19,"column":null}},"type":"if","locations":[{"start":{"line":15,"column":4},"end":{"line":19,"column":null}},{"start":{"line":17,"column":11},"end":{"line":19,"column":null}}]},"1":{"loc":{"start":{"line":15,"column":8},"end":{"line":15,"column":55}},"type":"binary-expr","locations":[{"start":{"line":15,"column":8},"end":{"line":15,"column":23}},{"start":{"line":15,"column":27},"end":{"line":15,"column":55}}]},"2":{"loc":{"start":{"line":17,"column":11},"end":{"line":19,"column":null}},"type":"if","locations":[{"start":{"line":17,"column":11},"end":{"line":19,"column":null}}]},"3":{"loc":{"start":{"line":21,"column":4},"end":{"line":25,"column":null}},"type":"if","locations":[{"start":{"line":21,"column":4},"end":{"line":25,"column":null}},{"start":{"line":23,"column":11},"end":{"line":25,"column":null}}]},"4":{"loc":{"start":{"line":21,"column":8},"end":{"line":21,"column":53}},"type":"binary-expr","locations":[{"start":{"line":21,"column":8},"end":{"line":21,"column":22}},{"start":{"line":21,"column":26},"end":{"line":21,"column":53}}]},"5":{"loc":{"start":{"line":23,"column":11},"end":{"line":25,"column":null}},"type":"if","locations":[{"start":{"line":23,"column":11},"end":{"line":25,"column":null}}]},"6":{"loc":{"start":{"line":27,"column":4},"end":{"line":33,"column":null}},"type":"if","locations":[{"start":{"line":27,"column":4},"end":{"line":33,"column":null}},{"start":{"line":29,"column":11},"end":{"line":33,"column":null}}]},"7":{"loc":{"start":{"line":27,"column":8},"end":{"line":27,"column":47}},"type":"binary-expr","locations":[{"start":{"line":27,"column":8},"end":{"line":27,"column":19}},{"start":{"line":27,"column":23},"end":{"line":27,"column":47}}]},"8":{"loc":{"start":{"line":29,"column":11},"end":{"line":33,"column":null}},"type":"if","locations":[{"start":{"line":29,"column":11},"end":{"line":33,"column":null}},{"start":{"line":31,"column":11},"end":{"line":33,"column":null}}]},"9":{"loc":{"start":{"line":31,"column":11},"end":{"line":33,"column":null}},"type":"if","locations":[{"start":{"line":31,"column":11},"end":{"line":33,"column":null}}]},"10":{"loc":{"start":{"line":36,"column":4},"end":{"line":38,"column":null}},"type":"if","locations":[{"start":{"line":36,"column":4},"end":{"line":38,"column":null}}]},"11":{"loc":{"start":{"line":36,"column":8},"end":{"line":36,"column":44}},"type":"binary-expr","locations":[{"start":{"line":36,"column":8},"end":{"line":36,"column":18}},{"start":{"line":36,"column":22},"end":{"line":36,"column":44}}]},"12":{"loc":{"start":{"line":40,"column":4},"end":{"line":42,"column":null}},"type":"if","locations":[{"start":{"line":40,"column":4},"end":{"line":42,"column":null}}]},"13":{"loc":{"start":{"line":40,"column":8},"end":{"line":40,"column":49}},"type":"binary-expr","locations":[{"start":{"line":40,"column":8},"end":{"line":40,"column":20}},{"start":{"line":40,"column":24},"end":{"line":40,"column":49}}]},"14":{"loc":{"start":{"line":45,"column":4},"end":{"line":49,"column":null}},"type":"if","locations":[{"start":{"line":45,"column":4},"end":{"line":49,"column":null}}]},"15":{"loc":{"start":{"line":52,"column":4},"end":{"line":56,"column":null}},"type":"if","locations":[{"start":{"line":52,"column":4},"end":{"line":56,"column":null}}]},"16":{"loc":{"start":{"line":59,"column":4},"end":{"line":63,"column":null}},"type":"if","locations":[{"start":{"line":59,"column":4},"end":{"line":63,"column":null}}]},"17":{"loc":{"start":{"line":72,"column":4},"end":{"line":76,"column":null}},"type":"if","locations":[{"start":{"line":72,"column":4},"end":{"line":76,"column":null}},{"start":{"line":74,"column":11},"end":{"line":76,"column":null}}]},"18":{"loc":{"start":{"line":72,"column":8},"end":{"line":72,"column":57}},"type":"binary-expr","locations":[{"start":{"line":72,"column":8},"end":{"line":72,"column":24}},{"start":{"line":72,"column":28},"end":{"line":72,"column":57}}]},"19":{"loc":{"start":{"line":74,"column":11},"end":{"line":76,"column":null}},"type":"if","locations":[{"start":{"line":74,"column":11},"end":{"line":76,"column":null}}]},"20":{"loc":{"start":{"line":78,"column":4},"end":{"line":82,"column":null}},"type":"if","locations":[{"start":{"line":78,"column":4},"end":{"line":82,"column":null}},{"start":{"line":80,"column":11},"end":{"line":82,"column":null}}]},"21":{"loc":{"start":{"line":78,"column":8},"end":{"line":78,"column":47}},"type":"binary-expr","locations":[{"start":{"line":78,"column":8},"end":{"line":78,"column":19}},{"start":{"line":78,"column":23},"end":{"line":78,"column":47}}]},"22":{"loc":{"start":{"line":80,"column":11},"end":{"line":82,"column":null}},"type":"if","locations":[{"start":{"line":80,"column":11},"end":{"line":82,"column":null}}]},"23":{"loc":{"start":{"line":84,"column":4},"end":{"line":86,"column":null}},"type":"if","locations":[{"start":{"line":84,"column":4},"end":{"line":86,"column":null}}]},"24":{"loc":{"start":{"line":84,"column":8},"end":{"line":84,"column":57}},"type":"binary-expr","locations":[{"start":{"line":84,"column":8},"end":{"line":84,"column":24}},{"start":{"line":84,"column":28},"end":{"line":84,"column":57}}]},"25":{"loc":{"start":{"line":88,"column":4},"end":{"line":92,"column":null}},"type":"if","locations":[{"start":{"line":88,"column":4},"end":{"line":92,"column":null}},{"start":{"line":90,"column":11},"end":{"line":92,"column":null}}]},"26":{"loc":{"start":{"line":90,"column":11},"end":{"line":92,"column":null}},"type":"if","locations":[{"start":{"line":90,"column":11},"end":{"line":92,"column":null}}]},"27":{"loc":{"start":{"line":94,"column":4},"end":{"line":100,"column":null}},"type":"if","locations":[{"start":{"line":94,"column":4},"end":{"line":100,"column":null}}]},"28":{"loc":{"start":{"line":95,"column":6},"end":{"line":99,"column":null}},"type":"if","locations":[{"start":{"line":95,"column":6},"end":{"line":99,"column":null}},{"start":{"line":97,"column":13},"end":{"line":99,"column":null}}]},"29":{"loc":{"start":{"line":97,"column":13},"end":{"line":99,"column":null}},"type":"if","locations":[{"start":{"line":97,"column":13},"end":{"line":99,"column":null}}]},"30":{"loc":{"start":{"line":97,"column":17},"end":{"line":97,"column":117}},"type":"binary-expr","locations":[{"start":{"line":97,"column":17},"end":{"line":97,"column":30}},{"start":{"line":97,"column":34},"end":{"line":97,"column":65}},{"start":{"line":97,"column":69},"end":{"line":97,"column":117}}]},"31":{"loc":{"start":{"line":109,"column":4},"end":{"line":113,"column":null}},"type":"if","locations":[{"start":{"line":109,"column":4},"end":{"line":113,"column":null}},{"start":{"line":111,"column":11},"end":{"line":113,"column":null}}]},"32":{"loc":{"start":{"line":109,"column":8},"end":{"line":109,"column":49}},"type":"binary-expr","locations":[{"start":{"line":109,"column":8},"end":{"line":109,"column":20}},{"start":{"line":109,"column":24},"end":{"line":109,"column":49}}]},"33":{"loc":{"start":{"line":111,"column":11},"end":{"line":113,"column":null}},"type":"if","locations":[{"start":{"line":111,"column":11},"end":{"line":113,"column":null}}]},"34":{"loc":{"start":{"line":115,"column":4},"end":{"line":119,"column":null}},"type":"if","locations":[{"start":{"line":115,"column":4},"end":{"line":119,"column":null}},{"start":{"line":117,"column":11},"end":{"line":119,"column":null}}]},"35":{"loc":{"start":{"line":115,"column":8},"end":{"line":115,"column":51}},"type":"binary-expr","locations":[{"start":{"line":115,"column":8},"end":{"line":115,"column":21}},{"start":{"line":115,"column":25},"end":{"line":115,"column":51}}]},"36":{"loc":{"start":{"line":117,"column":11},"end":{"line":119,"column":null}},"type":"if","locations":[{"start":{"line":117,"column":11},"end":{"line":119,"column":null}}]},"37":{"loc":{"start":{"line":121,"column":4},"end":{"line":125,"column":null}},"type":"if","locations":[{"start":{"line":121,"column":4},"end":{"line":125,"column":null}},{"start":{"line":123,"column":11},"end":{"line":125,"column":null}}]},"38":{"loc":{"start":{"line":123,"column":11},"end":{"line":125,"column":null}},"type":"if","locations":[{"start":{"line":123,"column":11},"end":{"line":125,"column":null}}]},"39":{"loc":{"start":{"line":127,"column":4},"end":{"line":133,"column":null}},"type":"if","locations":[{"start":{"line":127,"column":4},"end":{"line":133,"column":null}}]},"40":{"loc":{"start":{"line":128,"column":6},"end":{"line":132,"column":null}},"type":"if","locations":[{"start":{"line":128,"column":6},"end":{"line":132,"column":null}},{"start":{"line":130,"column":13},"end":{"line":132,"column":null}}]},"41":{"loc":{"start":{"line":130,"column":13},"end":{"line":132,"column":null}},"type":"if","locations":[{"start":{"line":130,"column":13},"end":{"line":132,"column":null}}]},"42":{"loc":{"start":{"line":130,"column":17},"end":{"line":130,"column":117}},"type":"binary-expr","locations":[{"start":{"line":130,"column":17},"end":{"line":130,"column":30}},{"start":{"line":130,"column":34},"end":{"line":130,"column":65}},{"start":{"line":130,"column":69},"end":{"line":130,"column":117}}]},"43":{"loc":{"start":{"line":142,"column":4},"end":{"line":146,"column":null}},"type":"if","locations":[{"start":{"line":142,"column":4},"end":{"line":146,"column":null}},{"start":{"line":144,"column":11},"end":{"line":146,"column":null}}]},"44":{"loc":{"start":{"line":142,"column":8},"end":{"line":142,"column":51}},"type":"binary-expr","locations":[{"start":{"line":142,"column":8},"end":{"line":142,"column":21}},{"start":{"line":142,"column":25},"end":{"line":142,"column":51}}]},"45":{"loc":{"start":{"line":144,"column":11},"end":{"line":146,"column":null}},"type":"if","locations":[{"start":{"line":144,"column":11},"end":{"line":146,"column":null}}]},"46":{"loc":{"start":{"line":148,"column":4},"end":{"line":152,"column":null}},"type":"if","locations":[{"start":{"line":148,"column":4},"end":{"line":152,"column":null}},{"start":{"line":150,"column":11},"end":{"line":152,"column":null}}]},"47":{"loc":{"start":{"line":150,"column":11},"end":{"line":152,"column":null}},"type":"if","locations":[{"start":{"line":150,"column":11},"end":{"line":152,"column":null}}]},"48":{"loc":{"start":{"line":154,"column":4},"end":{"line":158,"column":null}},"type":"if","locations":[{"start":{"line":154,"column":4},"end":{"line":158,"column":null}},{"start":{"line":156,"column":11},"end":{"line":158,"column":null}}]},"49":{"loc":{"start":{"line":154,"column":8},"end":{"line":154,"column":51}},"type":"binary-expr","locations":[{"start":{"line":154,"column":8},"end":{"line":154,"column":21}},{"start":{"line":154,"column":25},"end":{"line":154,"column":51}}]},"50":{"loc":{"start":{"line":156,"column":11},"end":{"line":158,"column":null}},"type":"if","locations":[{"start":{"line":156,"column":11},"end":{"line":158,"column":null}}]},"51":{"loc":{"start":{"line":160,"column":4},"end":{"line":164,"column":null}},"type":"if","locations":[{"start":{"line":160,"column":4},"end":{"line":164,"column":null}},{"start":{"line":162,"column":11},"end":{"line":164,"column":null}}]},"52":{"loc":{"start":{"line":160,"column":8},"end":{"line":160,"column":59}},"type":"binary-expr","locations":[{"start":{"line":160,"column":8},"end":{"line":160,"column":34}},{"start":{"line":160,"column":38},"end":{"line":160,"column":59}}]},"53":{"loc":{"start":{"line":162,"column":11},"end":{"line":164,"column":null}},"type":"if","locations":[{"start":{"line":162,"column":11},"end":{"line":164,"column":null}}]},"54":{"loc":{"start":{"line":162,"column":15},"end":{"line":162,"column":67}},"type":"binary-expr","locations":[{"start":{"line":162,"column":15},"end":{"line":162,"column":46}},{"start":{"line":162,"column":50},"end":{"line":162,"column":67}}]}},"s":{"0":2,"1":2,"2":2,"3":27,"4":27,"5":27,"6":2,"7":25,"8":1,"9":27,"10":2,"11":25,"12":0,"13":27,"14":1,"15":26,"16":4,"17":22,"18":1,"19":27,"20":1,"21":27,"22":1,"23":27,"24":4,"25":4,"26":27,"27":4,"28":4,"29":27,"30":5,"31":5,"32":27,"33":2,"34":4,"35":4,"36":4,"37":1,"38":3,"39":0,"40":4,"41":0,"42":4,"43":0,"44":4,"45":0,"46":4,"47":0,"48":4,"49":0,"50":4,"51":1,"52":0,"53":1,"54":1,"55":4,"56":2,"57":4,"58":4,"59":4,"60":1,"61":3,"62":0,"63":4,"64":0,"65":4,"66":0,"67":4,"68":0,"69":4,"70":0,"71":4,"72":1,"73":0,"74":1,"75":1,"76":4,"77":2,"78":5,"79":5,"80":5,"81":0,"82":5,"83":0,"84":5,"85":0,"86":5,"87":1,"88":5,"89":0,"90":5,"91":0,"92":5,"93":0,"94":5,"95":2,"96":5,"97":2,"98":26,"99":26,"100":2,"101":12,"102":12,"103":2,"104":2},"f":{"0":8,"1":27,"2":4,"3":4,"4":5,"5":4,"6":4,"7":5,"8":26,"9":12},"b":{"0":[2,25],"1":[27,25],"2":[1],"3":[2,25],"4":[27,25],"5":[0],"6":[1,26],"7":[27,26],"8":[4,22],"9":[1],"10":[1],"11":[27,1],"12":[1],"13":[27,1],"14":[4],"15":[4],"16":[5],"17":[1,3],"18":[4,3],"19":[0],"20":[0,4],"21":[4,4],"22":[0],"23":[0],"24":[4,0],"25":[0,4],"26":[0],"27":[1],"28":[0,1],"29":[1],"30":[1,1,1],"31":[1,3],"32":[4,3],"33":[0],"34":[0,4],"35":[4,4],"36":[0],"37":[0,4],"38":[0],"39":[1],"40":[0,1],"41":[1],"42":[1,1,1],"43":[0,5],"44":[5,5],"45":[0],"46":[0,5],"47":[1],"48":[0,5],"49":[5,5],"50":[0],"51":[0,5],"52":[5,5],"53":[2],"54":[5,5]}}
,"/home/luciano/code/master-ia/Ai4devs-ticket-LTI-2026-03-senior/backend/src/domain/models/Candidate.ts": {"path":"/home/luciano/code/master-ia/Ai4devs-ticket-LTI-2026-03-senior/backend/src/domain/models/Candidate.ts","statementMap":{"0":{"start":{"line":1,"column":0},"end":{"line":1,"column":40}},"1":{"start":{"line":2,"column":0},"end":{"line":2,"column":50}},"2":{"start":{"line":3,"column":0},"end":{"line":3,"column":38}},"3":{"start":{"line":5,"column":0},"end":{"line":5,"column":13}},"4":{"start":{"line":19,"column":4},"end":{"line":19,"column":22}},"5":{"start":{"line":20,"column":4},"end":{"line":20,"column":36}},"6":{"start":{"line":21,"column":4},"end":{"line":21,"column":34}},"7":{"start":{"line":22,"column":4},"end":{"line":22,"column":28}},"8":{"start":{"line":23,"column":4},"end":{"line":23,"column":36}},"9":{"start":{"line":24,"column":4},"end":{"line":24,"column":40}},"10":{"start":{"line":25,"column":4},"end":{"line":25,"column":36}},"11":{"start":{"line":26,"column":4},"end":{"line":26,"column":36}},"12":{"start":{"line":27,"column":4},"end":{"line":27,"column":79}},"13":{"start":{"line":27,"column":55},"end":{"line":27,"column":72}},"14":{"start":{"line":28,"column":4},"end":{"line":28,"column":94}},"15":{"start":{"line":28,"column":65},"end":{"line":28,"column":87}},"16":{"start":{"line":29,"column":4},"end":{"line":29,"column":76}},"17":{"start":{"line":29,"column":53},"end":{"line":29,"column":69}},"18":{"start":{"line":31,"column":0},"end":{"line":31,"column":null}},"19":{"start":{"line":5,"column":13},"end":{"line":5,"column":22}}},"fnMap":{"0":{"name":"(anonymous_0)","decl":{"start":{"line":5,"column":0},"end":{"line":5,"column":13}},"loc":{"start":{"line":5,"column":0},"end":{"line":31,"column":null}}},"1":{"name":"Candidate","decl":{"start":{"line":18,"column":2},"end":{"line":18,"column":14}},"loc":{"start":{"line":18,"column":23},"end":{"line":30,"column":3}}},"2":{"name":"(anonymous_2)","decl":{"start":{"line":27,"column":43},"end":{"line":27,"column":44}},"loc":{"start":{"line":27,"column":50},"end":{"line":27,"column":59}}},"3":{"name":"(anonymous_3)","decl":{"start":{"line":28,"column":53},"end":{"line":28,"column":54}},"loc":{"start":{"line":28,"column":60},"end":{"line":28,"column":69}}},"4":{"name":"(anonymous_4)","decl":{"start":{"line":29,"column":41},"end":{"line":29,"column":42}},"loc":{"start":{"line":29,"column":48},"end":{"line":29,"column":57}}}},"branchMap":{"0":{"loc":{"start":{"line":23,"column":17},"end":{"line":23,"column":35}},"type":"cond-expr","locations":[{"start":{"line":23,"column":27},"end":{"line":23,"column":31}},{"start":{"line":23,"column":31},"end":{"line":23,"column":35}}]},"1":{"loc":{"start":{"line":23,"column":17},"end":{"line":23,"column":31}},"type":"binary-expr","locations":[{"start":{"line":23,"column":17},"end":{"line":23,"column":31}},{"start":{"line":23,"column":27},"end":{"line":23,"column":31}}]},"2":{"loc":{"start":{"line":24,"column":19},"end":{"line":24,"column":39}},"type":"cond-expr","locations":[{"start":{"line":24,"column":31},"end":{"line":24,"column":35}},{"start":{"line":24,"column":35},"end":{"line":24,"column":39}}]},"3":{"loc":{"start":{"line":24,"column":19},"end":{"line":24,"column":35}},"type":"binary-expr","locations":[{"start":{"line":24,"column":19},"end":{"line":24,"column":35}},{"start":{"line":24,"column":31},"end":{"line":24,"column":35}}]},"4":{"loc":{"start":{"line":27,"column":22},"end":{"line":27,"column":78}},"type":"cond-expr","locations":[{"start":{"line":27,"column":72},"end":{"line":27,"column":76}},{"start":{"line":27,"column":76},"end":{"line":27,"column":78}}]},"5":{"loc":{"start":{"line":27,"column":22},"end":{"line":27,"column":76}},"type":"binary-expr","locations":[{"start":{"line":27,"column":22},"end":{"line":27,"column":76}},{"start":{"line":27,"column":72},"end":{"line":27,"column":76}}]},"6":{"loc":{"start":{"line":27,"column":22},"end":{"line":27,"column":72}},"type":"cond-expr","locations":[{"start":{"line":27,"column":37},"end":{"line":27,"column":39}},{"start":{"line":27,"column":37},"end":{"line":27,"column":72}}]},"7":{"loc":{"start":{"line":27,"column":22},"end":{"line":27,"column":39}},"type":"binary-expr","locations":[{"start":{"line":27,"column":22},"end":{"line":27,"column":39}},{"start":{"line":27,"column":37},"end":{"line":27,"column":39}}]},"8":{"loc":{"start":{"line":28,"column":27},"end":{"line":28,"column":93}},"type":"cond-expr","locations":[{"start":{"line":28,"column":87},"end":{"line":28,"column":91}},{"start":{"line":28,"column":91},"end":{"line":28,"column":93}}]},"9":{"loc":{"start":{"line":28,"column":27},"end":{"line":28,"column":91}},"type":"binary-expr","locations":[{"start":{"line":28,"column":27},"end":{"line":28,"column":91}},{"start":{"line":28,"column":87},"end":{"line":28,"column":91}}]},"10":{"loc":{"start":{"line":28,"column":27},"end":{"line":28,"column":87}},"type":"cond-expr","locations":[{"start":{"line":28,"column":47},"end":{"line":28,"column":49}},{"start":{"line":28,"column":47},"end":{"line":28,"column":87}}]},"11":{"loc":{"start":{"line":28,"column":27},"end":{"line":28,"column":49}},"type":"binary-expr","locations":[{"start":{"line":28,"column":27},"end":{"line":28,"column":49}},{"start":{"line":28,"column":47},"end":{"line":28,"column":49}}]},"12":{"loc":{"start":{"line":29,"column":21},"end":{"line":29,"column":75}},"type":"cond-expr","locations":[{"start":{"line":29,"column":69},"end":{"line":29,"column":73}},{"start":{"line":29,"column":73},"end":{"line":29,"column":75}}]},"13":{"loc":{"start":{"line":29,"column":21},"end":{"line":29,"column":73}},"type":"binary-expr","locations":[{"start":{"line":29,"column":21},"end":{"line":29,"column":73}},{"start":{"line":29,"column":69},"end":{"line":29,"column":73}}]},"14":{"loc":{"start":{"line":29,"column":21},"end":{"line":29,"column":69}},"type":"cond-expr","locations":[{"start":{"line":29,"column":35},"end":{"line":29,"column":37}},{"start":{"line":29,"column":35},"end":{"line":29,"column":69}}]},"15":{"loc":{"start":{"line":29,"column":21},"end":{"line":29,"column":37}},"type":"binary-expr","locations":[{"start":{"line":29,"column":21},"end":{"line":29,"column":37}},{"start":{"line":29,"column":35},"end":{"line":29,"column":37}}]}},"s":{"0":2,"1":2,"2":2,"3":2,"4":11,"5":11,"6":11,"7":11,"8":11,"9":11,"10":11,"11":11,"12":11,"13":3,"14":11,"15":3,"16":11,"17":3,"18":2,"19":2},"f":{"0":2,"1":11,"2":3,"3":3,"4":3},"b":{"0":[1,10],"1":[11,6],"2":[1,10],"3":[11,6],"4":[7,4],"5":[11,11],"6":[4,7],"7":[11,11],"8":[7,4],"9":[11,11],"10":[4,7],"11":[11,11],"12":[7,4],"13":[11,11],"14":[4,7],"15":[11,11]}}
,"/home/luciano/code/master-ia/Ai4devs-ticket-LTI-2026-03-senior/backend/src/domain/models/Document.ts": {"path":"/home/luciano/code/master-ia/Ai4devs-ticket-LTI-2026-03-senior/backend/src/domain/models/Document.ts","statementMap":{"0":{"start":{"line":3,"column":0},"end":{"line":3,"column":13}},"1":{"start":{"line":13,"column":4},"end":{"line":13,"column":22}},"2":{"start":{"line":14,"column":4},"end":{"line":14,"column":34}},"3":{"start":{"line":15,"column":4},"end":{"line":15,"column":34}},"4":{"start":{"line":16,"column":4},"end":{"line":16,"column":34}},"5":{"start":{"line":17,"column":4},"end":{"line":17,"column":34}},"6":{"start":{"line":18,"column":4},"end":{"line":18,"column":38}},"7":{"start":{"line":19,"column":4},"end":{"line":19,"column":40}},"8":{"start":{"line":21,"column":0},"end":{"line":21,"column":null}},"9":{"start":{"line":3,"column":13},"end":{"line":3,"column":21}}},"fnMap":{"0":{"name":"(anonymous_0)","decl":{"start":{"line":3,"column":0},"end":{"line":3,"column":13}},"loc":{"start":{"line":3,"column":0},"end":{"line":21,"column":null}}},"1":{"name":"Document","decl":{"start":{"line":12,"column":2},"end":{"line":12,"column":14}},"loc":{"start":{"line":12,"column":23},"end":{"line":20,"column":3}}}},"branchMap":{},"s":{"0":2,"1":6,"2":6,"3":6,"4":6,"5":6,"6":6,"7":6,"8":2,"9":2},"f":{"0":2,"1":6},"b":{}}
,"/home/luciano/code/master-ia/Ai4devs-ticket-LTI-2026-03-senior/backend/src/domain/models/Education.ts": {"path":"/home/luciano/code/master-ia/Ai4devs-ticket-LTI-2026-03-senior/backend/src/domain/models/Education.ts","statementMap":{"0":{"start":{"line":1,"column":0},"end":{"line":1,"column":13}},"1":{"start":{"line":11,"column":4},"end":{"line":11,"column":22}},"2":{"start":{"line":12,"column":4},"end":{"line":12,"column":40}},"3":{"start":{"line":13,"column":4},"end":{"line":13,"column":30}},"4":{"start":{"line":14,"column":4},"end":{"line":14,"column":50}},"5":{"start":{"line":15,"column":4},"end":{"line":15,"column":46}},"6":{"start":{"line":16,"column":4},"end":{"line":16,"column":64}},"7":{"start":{"line":17,"column":4},"end":{"line":17,"column":40}},"8":{"start":{"line":19,"column":0},"end":{"line":19,"column":null}},"9":{"start":{"line":1,"column":13},"end":{"line":1,"column":22}}},"fnMap":{"0":{"name":"(anonymous_0)","decl":{"start":{"line":1,"column":0},"end":{"line":1,"column":13}},"loc":{"start":{"line":1,"column":0},"end":{"line":19,"column":null}}},"1":{"name":"Education","decl":{"start":{"line":10,"column":2},"end":{"line":10,"column":14}},"loc":{"start":{"line":10,"column":23},"end":{"line":18,"column":3}}}},"branchMap":{"0":{"loc":{"start":{"line":14,"column":24},"end":{"line":14,"column":49}},"type":"cond-expr","locations":[{"start":{"line":14,"column":41},"end":{"line":14,"column":45}},{"start":{"line":14,"column":45},"end":{"line":14,"column":49}}]},"1":{"loc":{"start":{"line":14,"column":24},"end":{"line":14,"column":45}},"type":"binary-expr","locations":[{"start":{"line":14,"column":24},"end":{"line":14,"column":45}},{"start":{"line":14,"column":41},"end":{"line":14,"column":45}}]},"2":{"loc":{"start":{"line":16,"column":19},"end":{"line":16,"column":63}},"type":"cond-expr","locations":[{"start":{"line":16,"column":34},"end":{"line":16,"column":56}},{"start":{"line":16,"column":59},"end":{"line":16,"column":63}}]}},"s":{"0":2,"1":6,"2":6,"3":6,"4":6,"5":6,"6":6,"7":6,"8":2,"9":2},"f":{"0":2,"1":6},"b":{"0":[0,6],"1":[6,4],"2":[1,5]}}
,"/home/luciano/code/master-ia/Ai4devs-ticket-LTI-2026-03-senior/backend/src/domain/models/WorkExperience.ts": {"path":"/home/luciano/code/master-ia/Ai4devs-ticket-LTI-2026-03-senior/backend/src/domain/models/WorkExperience.ts","statementMap":{"0":{"start":{"line":1,"column":0},"end":{"line":1,"column":13}},"1":{"start":{"line":11,"column":4},"end":{"line":11,"column":22}},"2":{"start":{"line":12,"column":4},"end":{"line":12,"column":32}},"3":{"start":{"line":13,"column":4},"end":{"line":13,"column":34}},"4":{"start":{"line":14,"column":4},"end":{"line":14,"column":48}},"5":{"start":{"line":15,"column":4},"end":{"line":15,"column":46}},"6":{"start":{"line":16,"column":4},"end":{"line":16,"column":64}},"7":{"start":{"line":17,"column":4},"end":{"line":17,"column":40}},"8":{"start":{"line":19,"column":0},"end":{"line":19,"column":null}},"9":{"start":{"line":1,"column":13},"end":{"line":1,"column":27}}},"fnMap":{"0":{"name":"(anonymous_0)","decl":{"start":{"line":1,"column":0},"end":{"line":1,"column":13}},"loc":{"start":{"line":1,"column":0},"end":{"line":19,"column":null}}},"1":{"name":"WorkExperience","decl":{"start":{"line":10,"column":2},"end":{"line":10,"column":14}},"loc":{"start":{"line":10,"column":23},"end":{"line":18,"column":3}}}},"branchMap":{"0":{"loc":{"start":{"line":14,"column":23},"end":{"line":14,"column":47}},"type":"cond-expr","locations":[{"start":{"line":14,"column":39},"end":{"line":14,"column":43}},{"start":{"line":14,"column":43},"end":{"line":14,"column":47}}]},"1":{"loc":{"start":{"line":14,"column":23},"end":{"line":14,"column":43}},"type":"binary-expr","locations":[{"start":{"line":14,"column":23},"end":{"line":14,"column":43}},{"start":{"line":14,"column":39},"end":{"line":14,"column":43}}]},"2":{"loc":{"start":{"line":16,"column":19},"end":{"line":16,"column":63}},"type":"cond-expr","locations":[{"start":{"line":16,"column":34},"end":{"line":16,"column":56}},{"start":{"line":16,"column":59},"end":{"line":16,"column":63}}]}},"s":{"0":2,"1":6,"2":6,"3":6,"4":6,"5":6,"6":6,"7":6,"8":2,"9":2},"f":{"0":2,"1":6},"b":{"0":[1,5],"1":[6,4],"2":[1,5]}}
,"/home/luciano/code/master-ia/Ai4devs-ticket-LTI-2026-03-senior/backend/src/presentation/controllers/CandidateController.ts": {"path":"/home/luciano/code/master-ia/Ai4devs-ticket-LTI-2026-03-senior/backend/src/presentation/controllers/CandidateController.ts","statementMap":{"0":{"start":{"line":5,"column":0},"end":{"line":5,"column":13}},"1":{"start":{"line":8,"column":2},"end":{"line":8,"column":14}},"2":{"start":{"line":12,"column":2},"end":{"line":41,"column":4}},"3":{"start":{"line":12,"column":45},"end":{"line":41,"column":4}},"4":{"start":{"line":14,"column":12},"end":{"line":14,"column":47}},"5":{"start":{"line":15,"column":21},"end":{"line":15,"column":null}},"6":{"start":{"line":15,"column":12},"end":{"line":15,"column":null}},"7":{"start":{"line":16,"column":6},"end":{"line":16,"column":35}},"8":{"start":{"line":18,"column":6},"end":{"line":25,"column":null}},"9":{"start":{"line":19,"column":8},"end":{"line":23,"column":11}},"10":{"start":{"line":24,"column":8},"end":{"line":24,"column":15}},"11":{"start":{"line":27,"column":6},"end":{"line":33,"column":null}},"12":{"start":{"line":28,"column":8},"end":{"line":31,"column":11}},"13":{"start":{"line":32,"column":8},"end":{"line":32,"column":15}},"14":{"start":{"line":35,"column":6},"end":{"line":35,"column":67}},"15":{"start":{"line":36,"column":6},"end":{"line":39,"column":9}},"16":{"start":{"line":9,"column":4},"end":{"line":9,"column":27}},"17":{"start":{"line":42,"column":0},"end":{"line":42,"column":null}},"18":{"start":{"line":5,"column":13},"end":{"line":5,"column":32}}},"fnMap":{"0":{"name":"(anonymous_13)","decl":{"start":{"line":5,"column":0},"end":{"line":5,"column":13}},"loc":{"start":{"line":5,"column":0},"end":{"line":42,"column":null}}},"1":{"name":"CandidateController","decl":{"start":{"line":8,"column":2},"end":{"line":8,"column":14}},"loc":{"start":{"line":8,"column":39},"end":{"line":10,"column":3}}},"2":{"name":"(anonymous_15)","decl":{"start":{"line":12,"column":11},"end":{"line":12,"column":18}},"loc":{"start":{"line":12,"column":45},"end":{"line":41,"column":4}}},"3":{"name":"(anonymous_16)","decl":{"start":{"line":12,"column":45},"end":{"line":12,"column":null}},"loc":{"start":{"line":12,"column":45},"end":{"line":41,"column":4}}}},"branchMap":{"0":{"loc":{"start":{"line":18,"column":6},"end":{"line":25,"column":null}},"type":"if","locations":[{"start":{"line":18,"column":6},"end":{"line":25,"column":null}}]},"1":{"loc":{"start":{"line":27,"column":6},"end":{"line":33,"column":null}},"type":"if","locations":[{"start":{"line":27,"column":6},"end":{"line":33,"column":null}}]}},"s":{"0":1,"1":4,"2":4,"3":4,"4":4,"5":4,"6":4,"7":1,"8":3,"9":1,"10":1,"11":2,"12":1,"13":1,"14":1,"15":1,"16":4,"17":1,"18":1},"f":{"0":1,"1":4,"2":4,"3":4},"b":{"0":[1],"1":[1]}}
}
