TN:
SF:src/application/services/CandidateService.ts
FN:9,(anonymous_13)
FN:13,CandidateService
FN:18,(anonymous_15)
FN:33,(anonymous_18)
FN:34,(anonymous_19)
FN:35,(anonymous_20)
FN:52,(anonymous_21)
FN:62,(anonymous_22)
FN:70,(anonymous_23)
FN:78,(anonymous_24)
FNF:10
FNH:10
FNDA:1,(anonymous_13)
FNDA:5,CandidateService
FNDA:5,(anonymous_15)
FNDA:1,(anonymous_18)
FNDA:1,(anonymous_19)
FNDA:1,(anonymous_20)
FNDA:2,(anonymous_21)
FNDA:1,(anonymous_22)
FNDA:1,(anonymous_23)
FNDA:1,(anonymous_24)
DA:2,1
DA:3,1
DA:4,1
DA:5,1
DA:6,1
DA:9,1
DA:14,5
DA:15,5
DA:18,1
DA:19,5
DA:20,5
DA:21,1
DA:22,1
DA:23,1
DA:24,1
DA:27,4
DA:33,1
DA:34,1
DA:35,1
DA:39,4
DA:40,2
DA:43,2
DA:44,1
DA:45,1
DA:46,1
DA:48,1
DA:52,1
DA:53,2
DA:62,1
DA:70,1
DA:78,1
DA:88,1
LF:32
LH:32
BRDA:15,0,0,0
BRDA:15,0,1,5
BRDA:15,1,0,5
BRDA:15,1,1,5
BRDA:20,2,0,1
BRDA:31,3,0,0
BRDA:31,3,1,4
BRDA:31,4,0,4
BRDA:31,4,1,4
BRDA:32,5,0,0
BRDA:32,5,1,4
BRDA:32,6,0,4
BRDA:32,6,1,4
BRDA:33,7,0,1
BRDA:33,7,1,3
BRDA:33,8,0,4
BRDA:33,8,1,4
BRDA:33,9,0,3
BRDA:33,9,1,1
BRDA:33,10,0,4
BRDA:33,10,1,4
BRDA:34,11,0,1
BRDA:34,11,1,3
BRDA:34,12,0,4
BRDA:34,12,1,4
BRDA:34,13,0,3
BRDA:34,13,1,1
BRDA:34,14,0,4
BRDA:34,14,1,4
BRDA:35,15,0,1
BRDA:35,15,1,3
BRDA:35,16,0,4
BRDA:35,16,1,4
BRDA:35,17,0,3
BRDA:35,17,1,1
BRDA:35,18,0,4
BRDA:35,18,1,4
BRDA:43,19,0,1
BRDA:43,20,0,2
BRDA:43,20,1,1
BRDA:43,21,0,0
BRDA:43,21,1,1
BRDA:43,22,0,1
BRDA:43,22,1,1
BRDA:43,23,0,0
BRDA:43,23,1,1
BRDA:43,24,0,1
BRDA:43,24,1,1
BRDA:58,25,0,0
BRDA:58,25,1,2
BRDA:58,26,0,2
BRDA:58,26,1,0
BRDA:59,27,0,0
BRDA:59,27,1,2
BRDA:59,28,0,2
BRDA:59,28,1,0
BRDA:66,29,0,0
BRDA:66,29,1,1
BRDA:66,30,0,1
BRDA:66,30,1,0
BRDA:68,31,0,0
BRDA:68,31,1,1
BRDA:68,32,0,1
BRDA:68,32,1,0
BRDA:74,33,0,0
BRDA:74,33,1,1
BRDA:74,34,0,1
BRDA:74,34,1,0
BRDA:76,35,0,0
BRDA:76,35,1,1
BRDA:76,36,0,1
BRDA:76,36,1,0
BRF:72
BRH:55
end_of_record
TN:
SF:src/application/validators/CandidateValidator.ts
FN:10,(anonymous_0)
FN:11,(anonymous_2)
FN:46,(anonymous_3)
FN:53,(anonymous_4)
FN:60,(anonymous_5)
FN:68,(anonymous_6)
FN:105,(anonymous_7)
FN:138,(anonymous_8)
FN:169,(anonymous_9)
FN:174,(anonymous_10)
FNF:10
FNH:10
FNDA:8,(anonymous_0)
FNDA:27,(anonymous_2)
FNDA:4,(anonymous_3)
FNDA:4,(anonymous_4)
FNDA:5,(anonymous_5)
FNDA:4,(anonymous_6)
FNDA:4,(anonymous_7)
FNDA:5,(anonymous_8)
FNDA:26,(anonymous_9)
FNDA:12,(anonymous_10)
DA:8,2
DA:10,2
DA:11,27
DA:12,27
DA:15,27
DA:16,2
DA:17,25
DA:18,1
DA:21,27
DA:22,2
DA:23,25
DA:24,0
DA:27,27
DA:28,1
DA:29,26
DA:30,4
DA:31,22
DA:32,1
DA:36,27
DA:37,1
DA:40,27
DA:41,1
DA:45,27
DA:46,4
DA:47,4
DA:52,27
DA:53,4
DA:54,4
DA:59,27
DA:60,5
DA:61,5
DA:65,27
DA:68,2
DA:69,4
DA:70,4
DA:72,4
DA:73,1
DA:74,3
DA:75,0
DA:78,4
DA:79,0
DA:80,4
DA:81,0
DA:84,4
DA:85,0
DA:88,4
DA:89,0
DA:90,4
DA:91,0
DA:94,4
DA:95,1
DA:96,0
DA:97,1
DA:98,1
DA:102,4
DA:105,2
DA:106,4
DA:107,4
DA:109,4
DA:110,1
DA:111,3
DA:112,0
DA:115,4
DA:116,0
DA:117,4
DA:118,0
DA:121,4
DA:122,0
DA:123,4
DA:124,0
DA:127,4
DA:128,1
DA:129,0
DA:130,1
DA:131,1
DA:135,4
DA:138,2
DA:139,5
DA:140,5
DA:142,5
DA:143,0
DA:144,5
DA:145,0
DA:148,5
DA:149,0
DA:150,5
DA:151,1
DA:154,5
DA:155,0
DA:156,5
DA:157,0
DA:160,5
DA:161,0
DA:162,5
DA:163,2
DA:166,5
DA:169,2
DA:170,26
DA:171,26
DA:174,2
DA:175,12
DA:176,12
DA:178,2
LF:103
LH:83
BRDA:15,0,0,2
BRDA:15,0,1,25
BRDA:15,1,0,27
BRDA:15,1,1,25
BRDA:17,2,0,1
BRDA:21,3,0,2
BRDA:21,3,1,25
BRDA:21,4,0,27
BRDA:21,4,1,25
BRDA:23,5,0,0
BRDA:27,6,0,1
BRDA:27,6,1,26
BRDA:27,7,0,27
BRDA:27,7,1,26
BRDA:29,8,0,4
BRDA:29,8,1,22
BRDA:31,9,0,1
BRDA:36,10,0,1
BRDA:36,11,0,27
BRDA:36,11,1,1
BRDA:40,12,0,1
BRDA:40,13,0,27
BRDA:40,13,1,1
BRDA:45,14,0,4
BRDA:52,15,0,4
BRDA:59,16,0,5
BRDA:72,17,0,1
BRDA:72,17,1,3
BRDA:72,18,0,4
BRDA:72,18,1,3
BRDA:74,19,0,0
BRDA:78,20,0,0
BRDA:78,20,1,4
BRDA:78,21,0,4
BRDA:78,21,1,4
BRDA:80,22,0,0
BRDA:84,23,0,0
BRDA:84,24,0,4
BRDA:84,24,1,0
BRDA:88,25,0,0
BRDA:88,25,1,4
BRDA:90,26,0,0
BRDA:94,27,0,1
BRDA:95,28,0,0
BRDA:95,28,1,1
BRDA:97,29,0,1
BRDA:97,30,0,1
BRDA:97,30,1,1
BRDA:97,30,2,1
BRDA:109,31,0,1
BRDA:109,31,1,3
BRDA:109,32,0,4
BRDA:109,32,1,3
BRDA:111,33,0,0
BRDA:115,34,0,0
BRDA:115,34,1,4
BRDA:115,35,0,4
BRDA:115,35,1,4
BRDA:117,36,0,0
BRDA:121,37,0,0
BRDA:121,37,1,4
BRDA:123,38,0,0
BRDA:127,39,0,1
BRDA:128,40,0,0
BRDA:128,40,1,1
BRDA:130,41,0,1
BRDA:130,42,0,1
BRDA:130,42,1,1
BRDA:130,42,2,1
BRDA:142,43,0,0
BRDA:142,43,1,5
BRDA:142,44,0,5
BRDA:142,44,1,5
BRDA:144,45,0,0
BRDA:148,46,0,0
BRDA:148,46,1,5
BRDA:150,47,0,1
BRDA:154,48,0,0
BRDA:154,48,1,5
BRDA:154,49,0,5
BRDA:154,49,1,5
BRDA:156,50,0,0
BRDA:160,51,0,0
BRDA:160,51,1,5
BRDA:160,52,0,5
BRDA:160,52,1,5
BRDA:162,53,0,2
BRDA:162,54,0,5
BRDA:162,54,1,5
BRF:89
BRH:68
end_of_record
TN:
SF:src/domain/models/Candidate.ts
FN:5,(anonymous_0)
FN:18,Candidate
FN:27,(anonymous_2)
FN:28,(anonymous_3)
FN:29,(anonymous_4)
FNF:5
FNH:5
FNDA:2,(anonymous_0)
FNDA:11,Candidate
FNDA:3,(anonymous_2)
FNDA:3,(anonymous_3)
FNDA:3,(anonymous_4)
DA:1,2
DA:2,2
DA:3,2
DA:5,2
DA:19,11
DA:20,11
DA:21,11
DA:22,11
DA:23,11
DA:24,11
DA:25,11
DA:26,11
DA:27,11
DA:28,11
DA:29,11
DA:31,2
LF:16
LH:16
BRDA:23,0,0,1
BRDA:23,0,1,10
BRDA:23,1,0,11
BRDA:23,1,1,6
BRDA:24,2,0,1
BRDA:24,2,1,10
BRDA:24,3,0,11
BRDA:24,3,1,6
BRDA:27,4,0,7
BRDA:27,4,1,4
BRDA:27,5,0,11
BRDA:27,5,1,11
BRDA:27,6,0,4
BRDA:27,6,1,7
BRDA:27,7,0,11
BRDA:27,7,1,11
BRDA:28,8,0,7
BRDA:28,8,1,4
BRDA:28,9,0,11
BRDA:28,9,1,11
BRDA:28,10,0,4
BRDA:28,10,1,7
BRDA:28,11,0,11
BRDA:28,11,1,11
BRDA:29,12,0,7
BRDA:29,12,1,4
BRDA:29,13,0,11
BRDA:29,13,1,11
BRDA:29,14,0,4
BRDA:29,14,1,7
BRDA:29,15,0,11
BRDA:29,15,1,11
BRF:32
BRH:32
end_of_record
TN:
SF:src/domain/models/Document.ts
FN:3,(anonymous_0)
FN:12,Document
FNF:2
FNH:2
FNDA:2,(anonymous_0)
FNDA:6,Document
DA:3,2
DA:13,6
DA:14,6
DA:15,6
DA:16,6
DA:17,6
DA:18,6
DA:19,6
DA:21,2
LF:9
LH:9
BRF:0
BRH:0
end_of_record
TN:
SF:src/domain/models/Education.ts
FN:1,(anonymous_0)
FN:10,Education
FNF:2
FNH:2
FNDA:2,(anonymous_0)
FNDA:6,Education
DA:1,2
DA:11,6
DA:12,6
DA:13,6
DA:14,6
DA:15,6
DA:16,6
DA:17,6
DA:19,2
LF:9
LH:9
BRDA:14,0,0,0
BRDA:14,0,1,6
BRDA:14,1,0,6
BRDA:14,1,1,4
BRDA:16,2,0,1
BRDA:16,2,1,5
BRF:6
BRH:5
end_of_record
TN:
SF:src/domain/models/WorkExperience.ts
FN:1,(anonymous_0)
FN:10,WorkExperience
FNF:2
FNH:2
FNDA:2,(anonymous_0)
FNDA:6,WorkExperience
DA:1,2
DA:11,6
DA:12,6
DA:13,6
DA:14,6
DA:15,6
DA:16,6
DA:17,6
DA:19,2
LF:9
LH:9
BRDA:14,0,0,1
BRDA:14,0,1,5
BRDA:14,1,0,6
BRDA:14,1,1,4
BRDA:16,2,0,1
BRDA:16,2,1,5
BRF:6
BRH:6
end_of_record
TN:
SF:src/presentation/controllers/CandidateController.ts
FN:5,(anonymous_13)
FN:8,CandidateController
FN:12,(anonymous_15)
FN:12,(anonymous_16)
FNF:4
FNH:4
FNDA:1,(anonymous_13)
FNDA:4,CandidateController
FNDA:4,(anonymous_15)
FNDA:4,(anonymous_16)
DA:5,1
DA:8,4
DA:9,4
DA:12,4
DA:14,4
DA:15,4
DA:16,1
DA:18,3
DA:19,1
DA:24,1
DA:27,2
DA:28,1
DA:32,1
DA:35,1
DA:36,1
DA:42,1
LF:16
LH:16
BRDA:18,0,0,1
BRDA:27,1,0,1
BRF:2
BRH:2
end_of_record
